[22-Apr-2024 17:35:23 UTC] PHP Warning:  Undefined array key "eael_simple_menu_menu" in C:\Users\Stefan\Local Sites\skola-stranih-jezika\app\public\wp-content\plugins\essential-addons-for-elementor-lite\includes\Elements\Simple_Menu.php on line 1595
[22-Apr-2024 17:35:47 UTC] PHP Warning:  Undefined array key "eael_simple_menu_menu" in C:\Users\Stefan\Local Sites\skola-stranih-jezika\app\public\wp-content\plugins\essential-addons-for-elementor-lite\includes\Elements\Simple_Menu.php on line 1595
[22-Apr-2024 17:35:58 UTC] PHP Warning:  Undefined array key "eael_simple_menu_menu" in C:\Users\Stefan\Local Sites\skola-stranih-jezika\app\public\wp-content\plugins\essential-addons-for-elementor-lite\includes\Elements\Simple_Menu.php on line 1595
[08-May-2024 18:09:54 UTC] PHP Warning:  Trying to access array offset on value of type bool in C:\Users\Stefan\Local Sites\skola-stranih-jezika\app\public\wp-content\plugins\elementor\includes\managers\image.php on line 113
[08-May-2024 18:09:54 UTC] PHP Warning:  Trying to access array offset on value of type bool in C:\Users\Stefan\Local Sites\skola-stranih-jezika\app\public\wp-content\plugins\elementor\includes\managers\image.php on line 113
[08-May-2024 18:09:54 UTC] PHP Warning:  Trying to access array offset on value of type bool in C:\Users\Stefan\Local Sites\skola-stranih-jezika\app\public\wp-content\plugins\elementor\includes\managers\image.php on line 113
[08-May-2024 18:09:54 UTC] PHP Warning:  Trying to access array offset on value of type bool in C:\Users\Stefan\Local Sites\skola-stranih-jezika\app\public\wp-content\plugins\elementor\includes\managers\image.php on line 113
[08-May-2024 18:09:54 UTC] PHP Warning:  Trying to access array offset on value of type bool in C:\Users\Stefan\Local Sites\skola-stranih-jezika\app\public\wp-content\plugins\elementor\includes\managers\image.php on line 113
[08-May-2024 18:09:54 UTC] PHP Warning:  Trying to access array offset on value of type bool in C:\Users\Stefan\Local Sites\skola-stranih-jezika\app\public\wp-content\plugins\elementor\includes\managers\image.php on line 113
[08-May-2024 18:09:54 UTC] PHP Warning:  Trying to access array offset on value of type bool in C:\Users\Stefan\Local Sites\skola-stranih-jezika\app\public\wp-content\plugins\elementor\includes\managers\image.php on line 113
[08-May-2024 18:09:54 UTC] PHP Warning:  Trying to access array offset on value of type bool in C:\Users\Stefan\Local Sites\skola-stranih-jezika\app\public\wp-content\plugins\elementor\includes\managers\image.php on line 113
[08-May-2024 18:11:08 UTC] PHP Warning:  Trying to access array offset on value of type bool in C:\Users\Stefan\Local Sites\skola-stranih-jezika\app\public\wp-content\plugins\elementor\includes\managers\image.php on line 113
[08-May-2024 18:11:08 UTC] PHP Warning:  Trying to access array offset on value of type bool in C:\Users\Stefan\Local Sites\skola-stranih-jezika\app\public\wp-content\plugins\elementor\includes\managers\image.php on line 113
[08-May-2024 18:11:08 UTC] PHP Warning:  Trying to access array offset on value of type bool in C:\Users\Stefan\Local Sites\skola-stranih-jezika\app\public\wp-content\plugins\elementor\includes\managers\image.php on line 113
[08-May-2024 18:11:08 UTC] PHP Warning:  Trying to access array offset on value of type bool in C:\Users\Stefan\Local Sites\skola-stranih-jezika\app\public\wp-content\plugins\elementor\includes\managers\image.php on line 113
[08-May-2024 18:11:08 UTC] PHP Warning:  Trying to access array offset on value of type bool in C:\Users\Stefan\Local Sites\skola-stranih-jezika\app\public\wp-content\plugins\elementor\includes\managers\image.php on line 113
[08-May-2024 18:11:08 UTC] PHP Warning:  Trying to access array offset on value of type bool in C:\Users\Stefan\Local Sites\skola-stranih-jezika\app\public\wp-content\plugins\elementor\includes\managers\image.php on line 113
[08-May-2024 18:11:08 UTC] PHP Warning:  Trying to access array offset on value of type bool in C:\Users\Stefan\Local Sites\skola-stranih-jezika\app\public\wp-content\plugins\elementor\includes\managers\image.php on line 113
[08-May-2024 18:11:08 UTC] PHP Warning:  Trying to access array offset on value of type bool in C:\Users\Stefan\Local Sites\skola-stranih-jezika\app\public\wp-content\plugins\elementor\includes\managers\image.php on line 113
[08-May-2024 18:11:11 UTC] PHP Warning:  Trying to access array offset on value of type bool in C:\Users\Stefan\Local Sites\skola-stranih-jezika\app\public\wp-content\plugins\elementor\includes\managers\image.php on line 113
[11-May-2024 11:42:07 UTC] PHP Fatal error:  Uncaught Error: Cannot use object of type WP_Error as array in C:\Users\Stefan\Local Sites\skola-stranih-jezika\app\public\wp-content\plugins\elementor\includes\template-library\sources\local.php:898
Stack trace:
#0 C:\Users\Stefan\Local Sites\skola-stranih-jezika\app\public\wp-content\plugins\elementor\includes\template-library\manager.php(458): Elementor\TemplateLibrary\Source_Local->import_template('SafeCam-Free-We...', 'C:\\Windows\\Temp...')
#1 C:\Users\Stefan\Local Sites\skola-stranih-jezika\app\public\wp-content\plugins\elementor\includes\template-library\manager.php(673): Elementor\TemplateLibrary\Manager->direct_import_template(Array)
#2 C:\Users\Stefan\Local Sites\skola-stranih-jezika\app\public\wp-includes\class-wp-hook.php(324): Elementor\TemplateLibrary\Manager->handle_direct_actions('')
#3 C:\Users\Stefan\Local Sites\skola-stranih-jezika\app\public\wp-includes\class-wp-hook.php(348): WP_Hook->apply_filters('', Array)
#4 C:\Users\Stefan\Local Sites\skola-stranih-jezika\app\public\wp-includes\plugin.php(517): WP_Hook->do_action(Array)
#5 C:\Users\Stefan\Local Sites\skola-stranih-jezika\app\public\wp-admin\admin-ajax.php(192): do_action('wp_ajax_element...')
#6 {main}
  thrown in C:\Users\Stefan\Local Sites\skola-stranih-jezika\app\public\wp-content\plugins\elementor\includes\template-library\sources\local.php on line 898
[12-May-2024 21:43:49 UTC] PHP Warning:  Trying to access array offset on value of type bool in C:\Users\Stefan\Local Sites\skola-stranih-jezika\app\public\wp-content\plugins\elementor\includes\managers\image.php on line 113
[12-May-2024 21:43:49 UTC] PHP Warning:  Trying to access array offset on value of type bool in C:\Users\Stefan\Local Sites\skola-stranih-jezika\app\public\wp-content\plugins\elementor\includes\managers\image.php on line 113
[12-May-2024 21:43:49 UTC] PHP Warning:  Trying to access array offset on value of type bool in C:\Users\Stefan\Local Sites\skola-stranih-jezika\app\public\wp-content\plugins\elementor\includes\managers\image.php on line 113
[12-May-2024 21:43:49 UTC] PHP Warning:  Trying to access array offset on value of type bool in C:\Users\Stefan\Local Sites\skola-stranih-jezika\app\public\wp-content\plugins\elementor\includes\managers\image.php on line 113
[12-May-2024 21:43:49 UTC] PHP Warning:  Trying to access array offset on value of type bool in C:\Users\Stefan\Local Sites\skola-stranih-jezika\app\public\wp-content\plugins\elementor\includes\managers\image.php on line 113
[12-May-2024 21:43:49 UTC] PHP Warning:  Trying to access array offset on value of type bool in C:\Users\Stefan\Local Sites\skola-stranih-jezika\app\public\wp-content\plugins\elementor\includes\managers\image.php on line 113
[12-May-2024 21:43:49 UTC] PHP Warning:  Trying to access array offset on value of type bool in C:\Users\Stefan\Local Sites\skola-stranih-jezika\app\public\wp-content\plugins\elementor\includes\managers\image.php on line 113
[12-May-2024 21:43:49 UTC] PHP Warning:  Trying to access array offset on value of type bool in C:\Users\Stefan\Local Sites\skola-stranih-jezika\app\public\wp-content\plugins\elementor\includes\managers\image.php on line 113
[12-May-2024 21:43:54 UTC] PHP Warning:  Trying to access array offset on value of type bool in C:\Users\Stefan\Local Sites\skola-stranih-jezika\app\public\wp-content\plugins\elementor\includes\managers\image.php on line 113
[12-May-2024 21:44:06 UTC] PHP Warning:  Trying to access array offset on value of type bool in C:\Users\Stefan\Local Sites\skola-stranih-jezika\app\public\wp-content\plugins\elementor\includes\managers\image.php on line 113
[12-May-2024 21:44:06 UTC] PHP Warning:  Trying to access array offset on value of type bool in C:\Users\Stefan\Local Sites\skola-stranih-jezika\app\public\wp-content\plugins\elementor\includes\managers\image.php on line 113
[12-May-2024 21:44:06 UTC] PHP Warning:  Trying to access array offset on value of type bool in C:\Users\Stefan\Local Sites\skola-stranih-jezika\app\public\wp-content\plugins\elementor\includes\managers\image.php on line 113
[12-May-2024 21:44:06 UTC] PHP Warning:  Trying to access array offset on value of type bool in C:\Users\Stefan\Local Sites\skola-stranih-jezika\app\public\wp-content\plugins\elementor\includes\managers\image.php on line 113
[12-May-2024 21:44:06 UTC] PHP Warning:  Trying to access array offset on value of type bool in C:\Users\Stefan\Local Sites\skola-stranih-jezika\app\public\wp-content\plugins\elementor\includes\managers\image.php on line 113
[12-May-2024 21:44:06 UTC] PHP Warning:  Trying to access array offset on value of type bool in C:\Users\Stefan\Local Sites\skola-stranih-jezika\app\public\wp-content\plugins\elementor\includes\managers\image.php on line 113
[12-May-2024 21:44:06 UTC] PHP Warning:  Trying to access array offset on value of type bool in C:\Users\Stefan\Local Sites\skola-stranih-jezika\app\public\wp-content\plugins\elementor\includes\managers\image.php on line 113
[12-May-2024 21:44:06 UTC] PHP Warning:  Trying to access array offset on value of type bool in C:\Users\Stefan\Local Sites\skola-stranih-jezika\app\public\wp-content\plugins\elementor\includes\managers\image.php on line 113
[12-May-2024 21:44:09 UTC] PHP Warning:  Trying to access array offset on value of type bool in C:\Users\Stefan\Local Sites\skola-stranih-jezika\app\public\wp-content\plugins\elementor\includes\managers\image.php on line 113
[12-May-2024 21:44:16 UTC] PHP Warning:  Trying to access array offset on value of type bool in C:\Users\Stefan\Local Sites\skola-stranih-jezika\app\public\wp-content\plugins\elementor\includes\managers\image.php on line 113
[12-May-2024 21:48:01 UTC] PHP Warning:  Trying to access array offset on value of type bool in C:\Users\Stefan\Local Sites\skola-stranih-jezika\app\public\wp-content\plugins\elementor\includes\managers\image.php on line 113
[12-May-2024 21:48:01 UTC] PHP Warning:  Trying to access array offset on value of type bool in C:\Users\Stefan\Local Sites\skola-stranih-jezika\app\public\wp-content\plugins\elementor\includes\managers\image.php on line 113
[12-May-2024 21:48:01 UTC] PHP Warning:  Trying to access array offset on value of type bool in C:\Users\Stefan\Local Sites\skola-stranih-jezika\app\public\wp-content\plugins\elementor\includes\managers\image.php on line 113
[12-May-2024 21:48:01 UTC] PHP Warning:  Trying to access array offset on value of type bool in C:\Users\Stefan\Local Sites\skola-stranih-jezika\app\public\wp-content\plugins\elementor\includes\managers\image.php on line 113
[12-May-2024 21:48:01 UTC] PHP Warning:  Trying to access array offset on value of type bool in C:\Users\Stefan\Local Sites\skola-stranih-jezika\app\public\wp-content\plugins\elementor\includes\managers\image.php on line 113
[12-May-2024 21:48:01 UTC] PHP Warning:  Trying to access array offset on value of type bool in C:\Users\Stefan\Local Sites\skola-stranih-jezika\app\public\wp-content\plugins\elementor\includes\managers\image.php on line 113
[12-May-2024 21:48:01 UTC] PHP Warning:  Trying to access array offset on value of type bool in C:\Users\Stefan\Local Sites\skola-stranih-jezika\app\public\wp-content\plugins\elementor\includes\managers\image.php on line 113
[12-May-2024 21:48:01 UTC] PHP Warning:  Trying to access array offset on value of type bool in C:\Users\Stefan\Local Sites\skola-stranih-jezika\app\public\wp-content\plugins\elementor\includes\managers\image.php on line 113
[12-May-2024 22:01:02 UTC] PHP Warning:  Trying to access array offset on value of type bool in C:\Users\Stefan\Local Sites\skola-stranih-jezika\app\public\wp-content\plugins\elementor\includes\managers\image.php on line 113
[12-May-2024 22:01:02 UTC] PHP Warning:  Trying to access array offset on value of type bool in C:\Users\Stefan\Local Sites\skola-stranih-jezika\app\public\wp-content\plugins\elementor\includes\managers\image.php on line 113
[12-May-2024 22:01:02 UTC] PHP Warning:  Trying to access array offset on value of type bool in C:\Users\Stefan\Local Sites\skola-stranih-jezika\app\public\wp-content\plugins\elementor\includes\managers\image.php on line 113
[12-May-2024 22:01:02 UTC] PHP Warning:  Trying to access array offset on value of type bool in C:\Users\Stefan\Local Sites\skola-stranih-jezika\app\public\wp-content\plugins\elementor\includes\managers\image.php on line 113
[12-May-2024 22:01:02 UTC] PHP Warning:  Trying to access array offset on value of type bool in C:\Users\Stefan\Local Sites\skola-stranih-jezika\app\public\wp-content\plugins\elementor\includes\managers\image.php on line 113
[12-May-2024 22:01:02 UTC] PHP Warning:  Trying to access array offset on value of type bool in C:\Users\Stefan\Local Sites\skola-stranih-jezika\app\public\wp-content\plugins\elementor\includes\managers\image.php on line 113
[12-May-2024 22:01:02 UTC] PHP Warning:  Trying to access array offset on value of type bool in C:\Users\Stefan\Local Sites\skola-stranih-jezika\app\public\wp-content\plugins\elementor\includes\managers\image.php on line 113
[12-May-2024 22:01:02 UTC] PHP Warning:  Trying to access array offset on value of type bool in C:\Users\Stefan\Local Sites\skola-stranih-jezika\app\public\wp-content\plugins\elementor\includes\managers\image.php on line 113
[12-May-2024 22:04:35 UTC] PHP Warning:  Trying to access array offset on value of type bool in C:\Users\Stefan\Local Sites\skola-stranih-jezika\app\public\wp-content\plugins\elementor\includes\managers\image.php on line 113
[12-May-2024 22:04:35 UTC] PHP Warning:  Trying to access array offset on value of type bool in C:\Users\Stefan\Local Sites\skola-stranih-jezika\app\public\wp-content\plugins\elementor\includes\managers\image.php on line 113
[12-May-2024 22:04:35 UTC] PHP Warning:  Trying to access array offset on value of type bool in C:\Users\Stefan\Local Sites\skola-stranih-jezika\app\public\wp-content\plugins\elementor\includes\managers\image.php on line 113
[12-May-2024 22:04:35 UTC] PHP Warning:  Trying to access array offset on value of type bool in C:\Users\Stefan\Local Sites\skola-stranih-jezika\app\public\wp-content\plugins\elementor\includes\managers\image.php on line 113
[12-May-2024 22:04:35 UTC] PHP Warning:  Trying to access array offset on value of type bool in C:\Users\Stefan\Local Sites\skola-stranih-jezika\app\public\wp-content\plugins\elementor\includes\managers\image.php on line 113
[12-May-2024 22:04:35 UTC] PHP Warning:  Trying to access array offset on value of type bool in C:\Users\Stefan\Local Sites\skola-stranih-jezika\app\public\wp-content\plugins\elementor\includes\managers\image.php on line 113
[12-May-2024 22:04:35 UTC] PHP Warning:  Trying to access array offset on value of type bool in C:\Users\Stefan\Local Sites\skola-stranih-jezika\app\public\wp-content\plugins\elementor\includes\managers\image.php on line 113
[12-May-2024 22:04:35 UTC] PHP Warning:  Trying to access array offset on value of type bool in C:\Users\Stefan\Local Sites\skola-stranih-jezika\app\public\wp-content\plugins\elementor\includes\managers\image.php on line 113
[12-May-2024 23:35:32 UTC] PHP Warning:  Trying to access array offset on value of type bool in C:\Users\Stefan\Local Sites\skola-stranih-jezika\app\public\wp-content\plugins\elementor\includes\managers\image.php on line 113
[12-May-2024 23:35:32 UTC] PHP Warning:  Trying to access array offset on value of type bool in C:\Users\Stefan\Local Sites\skola-stranih-jezika\app\public\wp-content\plugins\elementor\includes\managers\image.php on line 113
[12-May-2024 23:35:32 UTC] PHP Warning:  Trying to access array offset on value of type bool in C:\Users\Stefan\Local Sites\skola-stranih-jezika\app\public\wp-content\plugins\elementor\includes\managers\image.php on line 113
[12-May-2024 23:35:32 UTC] PHP Warning:  Trying to access array offset on value of type bool in C:\Users\Stefan\Local Sites\skola-stranih-jezika\app\public\wp-content\plugins\elementor\includes\managers\image.php on line 113
[12-May-2024 23:35:32 UTC] PHP Warning:  Trying to access array offset on value of type bool in C:\Users\Stefan\Local Sites\skola-stranih-jezika\app\public\wp-content\plugins\elementor\includes\managers\image.php on line 113
[12-May-2024 23:35:32 UTC] PHP Warning:  Trying to access array offset on value of type bool in C:\Users\Stefan\Local Sites\skola-stranih-jezika\app\public\wp-content\plugins\elementor\includes\managers\image.php on line 113
[12-May-2024 23:35:32 UTC] PHP Warning:  Trying to access array offset on value of type bool in C:\Users\Stefan\Local Sites\skola-stranih-jezika\app\public\wp-content\plugins\elementor\includes\managers\image.php on line 113
[12-May-2024 23:35:32 UTC] PHP Warning:  Trying to access array offset on value of type bool in C:\Users\Stefan\Local Sites\skola-stranih-jezika\app\public\wp-content\plugins\elementor\includes\managers\image.php on line 113
[12-May-2024 23:38:26 UTC] PHP Warning:  Trying to access array offset on value of type bool in C:\Users\Stefan\Local Sites\skola-stranih-jezika\app\public\wp-content\plugins\elementor\includes\managers\image.php on line 113
[12-May-2024 23:38:26 UTC] PHP Warning:  Trying to access array offset on value of type bool in C:\Users\Stefan\Local Sites\skola-stranih-jezika\app\public\wp-content\plugins\elementor\includes\managers\image.php on line 113
[12-May-2024 23:38:26 UTC] PHP Warning:  Trying to access array offset on value of type bool in C:\Users\Stefan\Local Sites\skola-stranih-jezika\app\public\wp-content\plugins\elementor\includes\managers\image.php on line 113
[12-May-2024 23:38:26 UTC] PHP Warning:  Trying to access array offset on value of type bool in C:\Users\Stefan\Local Sites\skola-stranih-jezika\app\public\wp-content\plugins\elementor\includes\managers\image.php on line 113
[12-May-2024 23:38:26 UTC] PHP Warning:  Trying to access array offset on value of type bool in C:\Users\Stefan\Local Sites\skola-stranih-jezika\app\public\wp-content\plugins\elementor\includes\managers\image.php on line 113
[12-May-2024 23:38:26 UTC] PHP Warning:  Trying to access array offset on value of type bool in C:\Users\Stefan\Local Sites\skola-stranih-jezika\app\public\wp-content\plugins\elementor\includes\managers\image.php on line 113
[12-May-2024 23:38:26 UTC] PHP Warning:  Trying to access array offset on value of type bool in C:\Users\Stefan\Local Sites\skola-stranih-jezika\app\public\wp-content\plugins\elementor\includes\managers\image.php on line 113
[12-May-2024 23:38:26 UTC] PHP Warning:  Trying to access array offset on value of type bool in C:\Users\Stefan\Local Sites\skola-stranih-jezika\app\public\wp-content\plugins\elementor\includes\managers\image.php on line 113
[12-May-2024 23:41:58 UTC] PHP Warning:  Trying to access array offset on value of type bool in C:\Users\Stefan\Local Sites\skola-stranih-jezika\app\public\wp-content\plugins\elementor\includes\managers\image.php on line 113
[12-May-2024 23:41:58 UTC] PHP Warning:  Trying to access array offset on value of type bool in C:\Users\Stefan\Local Sites\skola-stranih-jezika\app\public\wp-content\plugins\elementor\includes\managers\image.php on line 113
[12-May-2024 23:41:58 UTC] PHP Warning:  Trying to access array offset on value of type bool in C:\Users\Stefan\Local Sites\skola-stranih-jezika\app\public\wp-content\plugins\elementor\includes\managers\image.php on line 113
[12-May-2024 23:41:58 UTC] PHP Warning:  Trying to access array offset on value of type bool in C:\Users\Stefan\Local Sites\skola-stranih-jezika\app\public\wp-content\plugins\elementor\includes\managers\image.php on line 113
[12-May-2024 23:41:58 UTC] PHP Warning:  Trying to access array offset on value of type bool in C:\Users\Stefan\Local Sites\skola-stranih-jezika\app\public\wp-content\plugins\elementor\includes\managers\image.php on line 113
[12-May-2024 23:41:58 UTC] PHP Warning:  Trying to access array offset on value of type bool in C:\Users\Stefan\Local Sites\skola-stranih-jezika\app\public\wp-content\plugins\elementor\includes\managers\image.php on line 113
[12-May-2024 23:41:58 UTC] PHP Warning:  Trying to access array offset on value of type bool in C:\Users\Stefan\Local Sites\skola-stranih-jezika\app\public\wp-content\plugins\elementor\includes\managers\image.php on line 113
[12-May-2024 23:41:58 UTC] PHP Warning:  Trying to access array offset on value of type bool in C:\Users\Stefan\Local Sites\skola-stranih-jezika\app\public\wp-content\plugins\elementor\includes\managers\image.php on line 113
[12-May-2024 23:42:06 UTC] PHP Warning:  Trying to access array offset on value of type bool in C:\Users\Stefan\Local Sites\skola-stranih-jezika\app\public\wp-content\plugins\elementor\includes\managers\image.php on line 113
[13-May-2024 15:13:40 UTC] PHP Warning:  Trying to access array offset on value of type bool in C:\Users\Stefan\Local Sites\skola-stranih-jezika\app\public\wp-content\plugins\elementor\includes\managers\image.php on line 113
[13-May-2024 15:13:40 UTC] PHP Warning:  Trying to access array offset on value of type bool in C:\Users\Stefan\Local Sites\skola-stranih-jezika\app\public\wp-content\plugins\elementor\includes\managers\image.php on line 113
[13-May-2024 15:13:40 UTC] PHP Warning:  Trying to access array offset on value of type bool in C:\Users\Stefan\Local Sites\skola-stranih-jezika\app\public\wp-content\plugins\elementor\includes\managers\image.php on line 113
[13-May-2024 15:13:40 UTC] PHP Warning:  Trying to access array offset on value of type bool in C:\Users\Stefan\Local Sites\skola-stranih-jezika\app\public\wp-content\plugins\elementor\includes\managers\image.php on line 113
[13-May-2024 15:13:40 UTC] PHP Warning:  Trying to access array offset on value of type bool in C:\Users\Stefan\Local Sites\skola-stranih-jezika\app\public\wp-content\plugins\elementor\includes\managers\image.php on line 113
[13-May-2024 15:13:40 UTC] PHP Warning:  Trying to access array offset on value of type bool in C:\Users\Stefan\Local Sites\skola-stranih-jezika\app\public\wp-content\plugins\elementor\includes\managers\image.php on line 113
[13-May-2024 15:13:40 UTC] PHP Warning:  Trying to access array offset on value of type bool in C:\Users\Stefan\Local Sites\skola-stranih-jezika\app\public\wp-content\plugins\elementor\includes\managers\image.php on line 113
[13-May-2024 15:13:40 UTC] PHP Warning:  Trying to access array offset on value of type bool in C:\Users\Stefan\Local Sites\skola-stranih-jezika\app\public\wp-content\plugins\elementor\includes\managers\image.php on line 113
[13-May-2024 16:43:43 UTC] PHP Warning:  Trying to access array offset on value of type bool in C:\Users\Stefan\Local Sites\skola-stranih-jezika\app\public\wp-content\plugins\elementor\includes\managers\image.php on line 113
[13-May-2024 16:43:43 UTC] PHP Warning:  Trying to access array offset on value of type bool in C:\Users\Stefan\Local Sites\skola-stranih-jezika\app\public\wp-content\plugins\elementor\includes\managers\image.php on line 113
[13-May-2024 16:43:43 UTC] PHP Warning:  Trying to access array offset on value of type bool in C:\Users\Stefan\Local Sites\skola-stranih-jezika\app\public\wp-content\plugins\elementor\includes\managers\image.php on line 113
[13-May-2024 16:43:43 UTC] PHP Warning:  Trying to access array offset on value of type bool in C:\Users\Stefan\Local Sites\skola-stranih-jezika\app\public\wp-content\plugins\elementor\includes\managers\image.php on line 113
[13-May-2024 16:43:43 UTC] PHP Warning:  Trying to access array offset on value of type bool in C:\Users\Stefan\Local Sites\skola-stranih-jezika\app\public\wp-content\plugins\elementor\includes\managers\image.php on line 113
[13-May-2024 16:43:43 UTC] PHP Warning:  Trying to access array offset on value of type bool in C:\Users\Stefan\Local Sites\skola-stranih-jezika\app\public\wp-content\plugins\elementor\includes\managers\image.php on line 113
[13-May-2024 16:43:43 UTC] PHP Warning:  Trying to access array offset on value of type bool in C:\Users\Stefan\Local Sites\skola-stranih-jezika\app\public\wp-content\plugins\elementor\includes\managers\image.php on line 113
[13-May-2024 16:43:43 UTC] PHP Warning:  Trying to access array offset on value of type bool in C:\Users\Stefan\Local Sites\skola-stranih-jezika\app\public\wp-content\plugins\elementor\includes\managers\image.php on line 113
[13-May-2024 17:19:02 UTC] PHP Warning:  Trying to access array offset on value of type bool in C:\Users\Stefan\Local Sites\skola-stranih-jezika\app\public\wp-content\plugins\elementor\includes\managers\image.php on line 113
[13-May-2024 17:19:02 UTC] PHP Warning:  Trying to access array offset on value of type bool in C:\Users\Stefan\Local Sites\skola-stranih-jezika\app\public\wp-content\plugins\elementor\includes\managers\image.php on line 113
[13-May-2024 17:19:02 UTC] PHP Warning:  Trying to access array offset on value of type bool in C:\Users\Stefan\Local Sites\skola-stranih-jezika\app\public\wp-content\plugins\elementor\includes\managers\image.php on line 113
[13-May-2024 17:19:02 UTC] PHP Warning:  Trying to access array offset on value of type bool in C:\Users\Stefan\Local Sites\skola-stranih-jezika\app\public\wp-content\plugins\elementor\includes\managers\image.php on line 113
[13-May-2024 17:19:02 UTC] PHP Warning:  Trying to access array offset on value of type bool in C:\Users\Stefan\Local Sites\skola-stranih-jezika\app\public\wp-content\plugins\elementor\includes\managers\image.php on line 113
[13-May-2024 17:19:02 UTC] PHP Warning:  Trying to access array offset on value of type bool in C:\Users\Stefan\Local Sites\skola-stranih-jezika\app\public\wp-content\plugins\elementor\includes\managers\image.php on line 113
[13-May-2024 17:19:02 UTC] PHP Warning:  Trying to access array offset on value of type bool in C:\Users\Stefan\Local Sites\skola-stranih-jezika\app\public\wp-content\plugins\elementor\includes\managers\image.php on line 113
[13-May-2024 17:19:02 UTC] PHP Warning:  Trying to access array offset on value of type bool in C:\Users\Stefan\Local Sites\skola-stranih-jezika\app\public\wp-content\plugins\elementor\includes\managers\image.php on line 113
[13-May-2024 17:19:10 UTC] PHP Warning:  Trying to access array offset on value of type bool in C:\Users\Stefan\Local Sites\skola-stranih-jezika\app\public\wp-content\plugins\elementor\includes\managers\image.php on line 113
[16-May-2024 17:01:21 UTC] PHP Warning:  Trying to access array offset on value of type bool in C:\Users\Stefan\Local Sites\skola-stranih-jezika\app\public\wp-content\plugins\elementor\includes\managers\image.php on line 113
[16-May-2024 17:01:21 UTC] PHP Warning:  Trying to access array offset on value of type bool in C:\Users\Stefan\Local Sites\skola-stranih-jezika\app\public\wp-content\plugins\elementor\includes\managers\image.php on line 113
[16-May-2024 17:01:21 UTC] PHP Warning:  Trying to access array offset on value of type bool in C:\Users\Stefan\Local Sites\skola-stranih-jezika\app\public\wp-content\plugins\elementor\includes\managers\image.php on line 113
[16-May-2024 17:01:21 UTC] PHP Warning:  Trying to access array offset on value of type bool in C:\Users\Stefan\Local Sites\skola-stranih-jezika\app\public\wp-content\plugins\elementor\includes\managers\image.php on line 113
[16-May-2024 17:01:21 UTC] PHP Warning:  Trying to access array offset on value of type bool in C:\Users\Stefan\Local Sites\skola-stranih-jezika\app\public\wp-content\plugins\elementor\includes\managers\image.php on line 113
[16-May-2024 17:01:21 UTC] PHP Warning:  Trying to access array offset on value of type bool in C:\Users\Stefan\Local Sites\skola-stranih-jezika\app\public\wp-content\plugins\elementor\includes\managers\image.php on line 113
[16-May-2024 17:01:21 UTC] PHP Warning:  Trying to access array offset on value of type bool in C:\Users\Stefan\Local Sites\skola-stranih-jezika\app\public\wp-content\plugins\elementor\includes\managers\image.php on line 113
[16-May-2024 17:01:21 UTC] PHP Warning:  Trying to access array offset on value of type bool in C:\Users\Stefan\Local Sites\skola-stranih-jezika\app\public\wp-content\plugins\elementor\includes\managers\image.php on line 113
[16-May-2024 17:01:21 UTC] PHP Warning:  Trying to access array offset on value of type bool in C:\Users\Stefan\Local Sites\skola-stranih-jezika\app\public\wp-content\plugins\elementor\includes\managers\image.php on line 113
[16-May-2024 17:01:21 UTC] PHP Warning:  Trying to access array offset on value of type bool in C:\Users\Stefan\Local Sites\skola-stranih-jezika\app\public\wp-content\plugins\elementor\includes\managers\image.php on line 113
[16-May-2024 17:01:21 UTC] PHP Warning:  Trying to access array offset on value of type bool in C:\Users\Stefan\Local Sites\skola-stranih-jezika\app\public\wp-content\plugins\elementor\includes\managers\image.php on line 113
[16-May-2024 17:01:21 UTC] PHP Warning:  Trying to access array offset on value of type bool in C:\Users\Stefan\Local Sites\skola-stranih-jezika\app\public\wp-content\plugins\elementor\includes\managers\image.php on line 113
[16-May-2024 17:01:21 UTC] PHP Warning:  Trying to access array offset on value of type bool in C:\Users\Stefan\Local Sites\skola-stranih-jezika\app\public\wp-content\plugins\elementor\includes\managers\image.php on line 113
[16-May-2024 17:01:21 UTC] PHP Warning:  Trying to access array offset on value of type bool in C:\Users\Stefan\Local Sites\skola-stranih-jezika\app\public\wp-content\plugins\elementor\includes\managers\image.php on line 113
[16-May-2024 17:01:21 UTC] PHP Warning:  Trying to access array offset on value of type bool in C:\Users\Stefan\Local Sites\skola-stranih-jezika\app\public\wp-content\plugins\elementor\includes\managers\image.php on line 113
[16-May-2024 17:01:21 UTC] PHP Warning:  Trying to access array offset on value of type bool in C:\Users\Stefan\Local Sites\skola-stranih-jezika\app\public\wp-content\plugins\elementor\includes\managers\image.php on line 113
[16-May-2024 17:01:21 UTC] PHP Warning:  Trying to access array offset on value of type bool in C:\Users\Stefan\Local Sites\skola-stranih-jezika\app\public\wp-content\plugins\elementor\includes\managers\image.php on line 113
[16-May-2024 17:01:21 UTC] PHP Warning:  Trying to access array offset on value of type bool in C:\Users\Stefan\Local Sites\skola-stranih-jezika\app\public\wp-content\plugins\elementor\includes\managers\image.php on line 113
[16-May-2024 17:01:21 UTC] PHP Warning:  Trying to access array offset on value of type bool in C:\Users\Stefan\Local Sites\skola-stranih-jezika\app\public\wp-content\plugins\elementor\includes\managers\image.php on line 113
[16-May-2024 17:01:21 UTC] PHP Warning:  Trying to access array offset on value of type bool in C:\Users\Stefan\Local Sites\skola-stranih-jezika\app\public\wp-content\plugins\elementor\includes\managers\image.php on line 113
[16-May-2024 17:01:21 UTC] PHP Warning:  Trying to access array offset on value of type bool in C:\Users\Stefan\Local Sites\skola-stranih-jezika\app\public\wp-content\plugins\elementor\includes\managers\image.php on line 113
[16-May-2024 17:01:21 UTC] PHP Warning:  Trying to access array offset on value of type bool in C:\Users\Stefan\Local Sites\skola-stranih-jezika\app\public\wp-content\plugins\elementor\includes\managers\image.php on line 113
[16-May-2024 17:01:21 UTC] PHP Warning:  Trying to access array offset on value of type bool in C:\Users\Stefan\Local Sites\skola-stranih-jezika\app\public\wp-content\plugins\elementor\includes\managers\image.php on line 113
[16-May-2024 17:01:21 UTC] PHP Warning:  Trying to access array offset on value of type bool in C:\Users\Stefan\Local Sites\skola-stranih-jezika\app\public\wp-content\plugins\elementor\includes\managers\image.php on line 113
[16-May-2024 17:01:21 UTC] PHP Warning:  Trying to access array offset on value of type bool in C:\Users\Stefan\Local Sites\skola-stranih-jezika\app\public\wp-content\plugins\elementor\includes\managers\image.php on line 113
[16-May-2024 17:01:21 UTC] PHP Warning:  Trying to access array offset on value of type bool in C:\Users\Stefan\Local Sites\skola-stranih-jezika\app\public\wp-content\plugins\elementor\includes\managers\image.php on line 113
[16-May-2024 17:01:21 UTC] PHP Warning:  Trying to access array offset on value of type bool in C:\Users\Stefan\Local Sites\skola-stranih-jezika\app\public\wp-content\plugins\elementor\includes\managers\image.php on line 113
[16-May-2024 17:01:21 UTC] PHP Warning:  Trying to access array offset on value of type bool in C:\Users\Stefan\Local Sites\skola-stranih-jezika\app\public\wp-content\plugins\elementor\includes\managers\image.php on line 113
[16-May-2024 17:01:21 UTC] PHP Warning:  Trying to access array offset on value of type bool in C:\Users\Stefan\Local Sites\skola-stranih-jezika\app\public\wp-content\plugins\elementor\includes\managers\image.php on line 113
[16-May-2024 17:01:21 UTC] PHP Warning:  Trying to access array offset on value of type bool in C:\Users\Stefan\Local Sites\skola-stranih-jezika\app\public\wp-content\plugins\elementor\includes\managers\image.php on line 113
[16-May-2024 17:01:21 UTC] PHP Warning:  Trying to access array offset on value of type bool in C:\Users\Stefan\Local Sites\skola-stranih-jezika\app\public\wp-content\plugins\elementor\includes\managers\image.php on line 113
[16-May-2024 17:01:21 UTC] PHP Warning:  Trying to access array offset on value of type bool in C:\Users\Stefan\Local Sites\skola-stranih-jezika\app\public\wp-content\plugins\elementor\includes\managers\image.php on line 113
[16-May-2024 17:01:33 UTC] PHP Warning:  Trying to access array offset on value of type bool in C:\Users\Stefan\Local Sites\skola-stranih-jezika\app\public\wp-content\plugins\elementor\includes\managers\image.php on line 113
[16-May-2024 17:01:33 UTC] PHP Warning:  Trying to access array offset on value of type bool in C:\Users\Stefan\Local Sites\skola-stranih-jezika\app\public\wp-content\plugins\elementor\includes\managers\image.php on line 113
[16-May-2024 17:01:33 UTC] PHP Warning:  Trying to access array offset on value of type bool in C:\Users\Stefan\Local Sites\skola-stranih-jezika\app\public\wp-content\plugins\elementor\includes\managers\image.php on line 113
[16-May-2024 17:01:33 UTC] PHP Warning:  Trying to access array offset on value of type bool in C:\Users\Stefan\Local Sites\skola-stranih-jezika\app\public\wp-content\plugins\elementor\includes\managers\image.php on line 113
[16-May-2024 17:01:33 UTC] PHP Warning:  Trying to access array offset on value of type bool in C:\Users\Stefan\Local Sites\skola-stranih-jezika\app\public\wp-content\plugins\elementor\includes\managers\image.php on line 113
[16-May-2024 17:01:33 UTC] PHP Warning:  Trying to access array offset on value of type bool in C:\Users\Stefan\Local Sites\skola-stranih-jezika\app\public\wp-content\plugins\elementor\includes\managers\image.php on line 113
[16-May-2024 17:01:33 UTC] PHP Warning:  Trying to access array offset on value of type bool in C:\Users\Stefan\Local Sites\skola-stranih-jezika\app\public\wp-content\plugins\elementor\includes\managers\image.php on line 113
[16-May-2024 17:01:33 UTC] PHP Warning:  Trying to access array offset on value of type bool in C:\Users\Stefan\Local Sites\skola-stranih-jezika\app\public\wp-content\plugins\elementor\includes\managers\image.php on line 113
[16-May-2024 19:07:56 UTC] PHP Warning:  Trying to access array offset on value of type bool in C:\Users\Stefan\Local Sites\skola-stranih-jezika\app\public\wp-content\plugins\elementor\includes\managers\image.php on line 113
[16-May-2024 19:07:56 UTC] PHP Warning:  Trying to access array offset on value of type bool in C:\Users\Stefan\Local Sites\skola-stranih-jezika\app\public\wp-content\plugins\elementor\includes\managers\image.php on line 113
[16-May-2024 19:07:56 UTC] PHP Warning:  Trying to access array offset on value of type bool in C:\Users\Stefan\Local Sites\skola-stranih-jezika\app\public\wp-content\plugins\elementor\includes\managers\image.php on line 113
[16-May-2024 19:07:56 UTC] PHP Warning:  Trying to access array offset on value of type bool in C:\Users\Stefan\Local Sites\skola-stranih-jezika\app\public\wp-content\plugins\elementor\includes\managers\image.php on line 113
[16-May-2024 19:07:56 UTC] PHP Warning:  Trying to access array offset on value of type bool in C:\Users\Stefan\Local Sites\skola-stranih-jezika\app\public\wp-content\plugins\elementor\includes\managers\image.php on line 113
[16-May-2024 19:07:56 UTC] PHP Warning:  Trying to access array offset on value of type bool in C:\Users\Stefan\Local Sites\skola-stranih-jezika\app\public\wp-content\plugins\elementor\includes\managers\image.php on line 113
[16-May-2024 19:07:56 UTC] PHP Warning:  Trying to access array offset on value of type bool in C:\Users\Stefan\Local Sites\skola-stranih-jezika\app\public\wp-content\plugins\elementor\includes\managers\image.php on line 113
[16-May-2024 19:07:56 UTC] PHP Warning:  Trying to access array offset on value of type bool in C:\Users\Stefan\Local Sites\skola-stranih-jezika\app\public\wp-content\plugins\elementor\includes\managers\image.php on line 113
[16-May-2024 19:07:56 UTC] PHP Warning:  Trying to access array offset on value of type bool in C:\Users\Stefan\Local Sites\skola-stranih-jezika\app\public\wp-content\plugins\elementor\includes\managers\image.php on line 113
[16-May-2024 19:07:56 UTC] PHP Warning:  Trying to access array offset on value of type bool in C:\Users\Stefan\Local Sites\skola-stranih-jezika\app\public\wp-content\plugins\elementor\includes\managers\image.php on line 113
[16-May-2024 19:07:56 UTC] PHP Warning:  Trying to access array offset on value of type bool in C:\Users\Stefan\Local Sites\skola-stranih-jezika\app\public\wp-content\plugins\elementor\includes\managers\image.php on line 113
[16-May-2024 19:07:56 UTC] PHP Warning:  Trying to access array offset on value of type bool in C:\Users\Stefan\Local Sites\skola-stranih-jezika\app\public\wp-content\plugins\elementor\includes\managers\image.php on line 113
[16-May-2024 19:07:56 UTC] PHP Warning:  Trying to access array offset on value of type bool in C:\Users\Stefan\Local Sites\skola-stranih-jezika\app\public\wp-content\plugins\elementor\includes\managers\image.php on line 113
[16-May-2024 19:07:56 UTC] PHP Warning:  Trying to access array offset on value of type bool in C:\Users\Stefan\Local Sites\skola-stranih-jezika\app\public\wp-content\plugins\elementor\includes\managers\image.php on line 113
[16-May-2024 19:07:56 UTC] PHP Warning:  Trying to access array offset on value of type bool in C:\Users\Stefan\Local Sites\skola-stranih-jezika\app\public\wp-content\plugins\elementor\includes\managers\image.php on line 113
[16-May-2024 19:07:56 UTC] PHP Warning:  Trying to access array offset on value of type bool in C:\Users\Stefan\Local Sites\skola-stranih-jezika\app\public\wp-content\plugins\elementor\includes\managers\image.php on line 113
[16-May-2024 19:07:56 UTC] PHP Warning:  Trying to access array offset on value of type bool in C:\Users\Stefan\Local Sites\skola-stranih-jezika\app\public\wp-content\plugins\elementor\includes\managers\image.php on line 113
[16-May-2024 19:07:56 UTC] PHP Warning:  Trying to access array offset on value of type bool in C:\Users\Stefan\Local Sites\skola-stranih-jezika\app\public\wp-content\plugins\elementor\includes\managers\image.php on line 113
[16-May-2024 19:07:56 UTC] PHP Warning:  Trying to access array offset on value of type bool in C:\Users\Stefan\Local Sites\skola-stranih-jezika\app\public\wp-content\plugins\elementor\includes\managers\image.php on line 113
[16-May-2024 19:07:56 UTC] PHP Warning:  Trying to access array offset on value of type bool in C:\Users\Stefan\Local Sites\skola-stranih-jezika\app\public\wp-content\plugins\elementor\includes\managers\image.php on line 113
[16-May-2024 19:07:56 UTC] PHP Warning:  Trying to access array offset on value of type bool in C:\Users\Stefan\Local Sites\skola-stranih-jezika\app\public\wp-content\plugins\elementor\includes\managers\image.php on line 113
[16-May-2024 19:07:56 UTC] PHP Warning:  Trying to access array offset on value of type bool in C:\Users\Stefan\Local Sites\skola-stranih-jezika\app\public\wp-content\plugins\elementor\includes\managers\image.php on line 113
[16-May-2024 19:07:56 UTC] PHP Warning:  Trying to access array offset on value of type bool in C:\Users\Stefan\Local Sites\skola-stranih-jezika\app\public\wp-content\plugins\elementor\includes\managers\image.php on line 113
[16-May-2024 19:07:56 UTC] PHP Warning:  Trying to access array offset on value of type bool in C:\Users\Stefan\Local Sites\skola-stranih-jezika\app\public\wp-content\plugins\elementor\includes\managers\image.php on line 113
[16-May-2024 19:07:56 UTC] PHP Warning:  Trying to access array offset on value of type bool in C:\Users\Stefan\Local Sites\skola-stranih-jezika\app\public\wp-content\plugins\elementor\includes\managers\image.php on line 113
[16-May-2024 19:07:56 UTC] PHP Warning:  Trying to access array offset on value of type bool in C:\Users\Stefan\Local Sites\skola-stranih-jezika\app\public\wp-content\plugins\elementor\includes\managers\image.php on line 113
[16-May-2024 19:07:56 UTC] PHP Warning:  Trying to access array offset on value of type bool in C:\Users\Stefan\Local Sites\skola-stranih-jezika\app\public\wp-content\plugins\elementor\includes\managers\image.php on line 113
[16-May-2024 19:07:56 UTC] PHP Warning:  Trying to access array offset on value of type bool in C:\Users\Stefan\Local Sites\skola-stranih-jezika\app\public\wp-content\plugins\elementor\includes\managers\image.php on line 113
[16-May-2024 19:07:56 UTC] PHP Warning:  Trying to access array offset on value of type bool in C:\Users\Stefan\Local Sites\skola-stranih-jezika\app\public\wp-content\plugins\elementor\includes\managers\image.php on line 113
[16-May-2024 19:07:56 UTC] PHP Warning:  Trying to access array offset on value of type bool in C:\Users\Stefan\Local Sites\skola-stranih-jezika\app\public\wp-content\plugins\elementor\includes\managers\image.php on line 113
[16-May-2024 19:07:56 UTC] PHP Warning:  Trying to access array offset on value of type bool in C:\Users\Stefan\Local Sites\skola-stranih-jezika\app\public\wp-content\plugins\elementor\includes\managers\image.php on line 113
[16-May-2024 19:07:56 UTC] PHP Warning:  Trying to access array offset on value of type bool in C:\Users\Stefan\Local Sites\skola-stranih-jezika\app\public\wp-content\plugins\elementor\includes\managers\image.php on line 113
[16-May-2024 19:07:56 UTC] PHP Warning:  Trying to access array offset on value of type bool in C:\Users\Stefan\Local Sites\skola-stranih-jezika\app\public\wp-content\plugins\elementor\includes\managers\image.php on line 113
[16-May-2024 19:07:56 UTC] PHP Warning:  Trying to access array offset on value of type bool in C:\Users\Stefan\Local Sites\skola-stranih-jezika\app\public\wp-content\plugins\elementor\includes\managers\image.php on line 113
[16-May-2024 19:07:56 UTC] PHP Warning:  Trying to access array offset on value of type bool in C:\Users\Stefan\Local Sites\skola-stranih-jezika\app\public\wp-content\plugins\elementor\includes\managers\image.php on line 113
[16-May-2024 19:07:56 UTC] PHP Warning:  Trying to access array offset on value of type bool in C:\Users\Stefan\Local Sites\skola-stranih-jezika\app\public\wp-content\plugins\elementor\includes\managers\image.php on line 113
[16-May-2024 19:07:56 UTC] PHP Warning:  Trying to access array offset on value of type bool in C:\Users\Stefan\Local Sites\skola-stranih-jezika\app\public\wp-content\plugins\elementor\includes\managers\image.php on line 113
[16-May-2024 19:07:56 UTC] PHP Warning:  Trying to access array offset on value of type bool in C:\Users\Stefan\Local Sites\skola-stranih-jezika\app\public\wp-content\plugins\elementor\includes\managers\image.php on line 113
[16-May-2024 19:07:56 UTC] PHP Warning:  Trying to access array offset on value of type bool in C:\Users\Stefan\Local Sites\skola-stranih-jezika\app\public\wp-content\plugins\elementor\includes\managers\image.php on line 113
[16-May-2024 19:07:56 UTC] PHP Warning:  Trying to access array offset on value of type bool in C:\Users\Stefan\Local Sites\skola-stranih-jezika\app\public\wp-content\plugins\elementor\includes\managers\image.php on line 113
[16-May-2024 19:07:56 UTC] PHP Warning:  Trying to access array offset on value of type bool in C:\Users\Stefan\Local Sites\skola-stranih-jezika\app\public\wp-content\plugins\elementor\includes\managers\image.php on line 113
[16-May-2024 19:07:56 UTC] PHP Warning:  Trying to access array offset on value of type bool in C:\Users\Stefan\Local Sites\skola-stranih-jezika\app\public\wp-content\plugins\elementor\includes\managers\image.php on line 113
[16-May-2024 19:07:56 UTC] PHP Warning:  Trying to access array offset on value of type bool in C:\Users\Stefan\Local Sites\skola-stranih-jezika\app\public\wp-content\plugins\elementor\includes\managers\image.php on line 113
[16-May-2024 19:07:56 UTC] PHP Warning:  Trying to access array offset on value of type bool in C:\Users\Stefan\Local Sites\skola-stranih-jezika\app\public\wp-content\plugins\elementor\includes\managers\image.php on line 113
[16-May-2024 19:07:56 UTC] PHP Warning:  Trying to access array offset on value of type bool in C:\Users\Stefan\Local Sites\skola-stranih-jezika\app\public\wp-content\plugins\elementor\includes\managers\image.php on line 113
[16-May-2024 19:07:56 UTC] PHP Warning:  Trying to access array offset on value of type bool in C:\Users\Stefan\Local Sites\skola-stranih-jezika\app\public\wp-content\plugins\elementor\includes\managers\image.php on line 113
[16-May-2024 19:07:56 UTC] PHP Warning:  Trying to access array offset on value of type bool in C:\Users\Stefan\Local Sites\skola-stranih-jezika\app\public\wp-content\plugins\elementor\includes\managers\image.php on line 113
[16-May-2024 19:07:56 UTC] PHP Warning:  Trying to access array offset on value of type bool in C:\Users\Stefan\Local Sites\skola-stranih-jezika\app\public\wp-content\plugins\elementor\includes\managers\image.php on line 113
[16-May-2024 19:08:11 UTC] PHP Warning:  Trying to access array offset on value of type bool in C:\Users\Stefan\Local Sites\skola-stranih-jezika\app\public\wp-content\plugins\elementor\includes\managers\image.php on line 113
[16-May-2024 19:08:11 UTC] PHP Warning:  Trying to access array offset on value of type bool in C:\Users\Stefan\Local Sites\skola-stranih-jezika\app\public\wp-content\plugins\elementor\includes\managers\image.php on line 113
[16-May-2024 20:25:57 UTC] PHP Warning:  Trying to access array offset on value of type bool in C:\Users\Stefan\Local Sites\skola-stranih-jezika\app\public\wp-content\plugins\elementor\includes\managers\image.php on line 113
[16-May-2024 20:25:57 UTC] PHP Warning:  Trying to access array offset on value of type bool in C:\Users\Stefan\Local Sites\skola-stranih-jezika\app\public\wp-content\plugins\elementor\includes\managers\image.php on line 113
[16-May-2024 20:25:57 UTC] PHP Warning:  Trying to access array offset on value of type bool in C:\Users\Stefan\Local Sites\skola-stranih-jezika\app\public\wp-content\plugins\elementor\includes\managers\image.php on line 113
[16-May-2024 20:25:57 UTC] PHP Warning:  Trying to access array offset on value of type bool in C:\Users\Stefan\Local Sites\skola-stranih-jezika\app\public\wp-content\plugins\elementor\includes\managers\image.php on line 113
[16-May-2024 20:25:57 UTC] PHP Warning:  Trying to access array offset on value of type bool in C:\Users\Stefan\Local Sites\skola-stranih-jezika\app\public\wp-content\plugins\elementor\includes\managers\image.php on line 113
[16-May-2024 20:25:57 UTC] PHP Warning:  Trying to access array offset on value of type bool in C:\Users\Stefan\Local Sites\skola-stranih-jezika\app\public\wp-content\plugins\elementor\includes\managers\image.php on line 113
[16-May-2024 20:25:57 UTC] PHP Warning:  Trying to access array offset on value of type bool in C:\Users\Stefan\Local Sites\skola-stranih-jezika\app\public\wp-content\plugins\elementor\includes\managers\image.php on line 113
[16-May-2024 20:25:57 UTC] PHP Warning:  Trying to access array offset on value of type bool in C:\Users\Stefan\Local Sites\skola-stranih-jezika\app\public\wp-content\plugins\elementor\includes\managers\image.php on line 113
[16-May-2024 20:25:57 UTC] PHP Warning:  Trying to access array offset on value of type bool in C:\Users\Stefan\Local Sites\skola-stranih-jezika\app\public\wp-content\plugins\elementor\includes\managers\image.php on line 113
[16-May-2024 20:25:57 UTC] PHP Warning:  Trying to access array offset on value of type bool in C:\Users\Stefan\Local Sites\skola-stranih-jezika\app\public\wp-content\plugins\elementor\includes\managers\image.php on line 113
[16-May-2024 20:25:57 UTC] PHP Warning:  Trying to access array offset on value of type bool in C:\Users\Stefan\Local Sites\skola-stranih-jezika\app\public\wp-content\plugins\elementor\includes\managers\image.php on line 113
[16-May-2024 20:25:57 UTC] PHP Warning:  Trying to access array offset on value of type bool in C:\Users\Stefan\Local Sites\skola-stranih-jezika\app\public\wp-content\plugins\elementor\includes\managers\image.php on line 113
[16-May-2024 20:25:57 UTC] PHP Warning:  Trying to access array offset on value of type bool in C:\Users\Stefan\Local Sites\skola-stranih-jezika\app\public\wp-content\plugins\elementor\includes\managers\image.php on line 113
[16-May-2024 20:25:57 UTC] PHP Warning:  Trying to access array offset on value of type bool in C:\Users\Stefan\Local Sites\skola-stranih-jezika\app\public\wp-content\plugins\elementor\includes\managers\image.php on line 113
[16-May-2024 20:25:57 UTC] PHP Warning:  Trying to access array offset on value of type bool in C:\Users\Stefan\Local Sites\skola-stranih-jezika\app\public\wp-content\plugins\elementor\includes\managers\image.php on line 113
[16-May-2024 20:25:57 UTC] PHP Warning:  Trying to access array offset on value of type bool in C:\Users\Stefan\Local Sites\skola-stranih-jezika\app\public\wp-content\plugins\elementor\includes\managers\image.php on line 113
[16-May-2024 20:25:57 UTC] PHP Warning:  Trying to access array offset on value of type bool in C:\Users\Stefan\Local Sites\skola-stranih-jezika\app\public\wp-content\plugins\elementor\includes\managers\image.php on line 113
[16-May-2024 20:25:57 UTC] PHP Warning:  Trying to access array offset on value of type bool in C:\Users\Stefan\Local Sites\skola-stranih-jezika\app\public\wp-content\plugins\elementor\includes\managers\image.php on line 113
[16-May-2024 20:25:57 UTC] PHP Warning:  Trying to access array offset on value of type bool in C:\Users\Stefan\Local Sites\skola-stranih-jezika\app\public\wp-content\plugins\elementor\includes\managers\image.php on line 113
[16-May-2024 20:25:57 UTC] PHP Warning:  Trying to access array offset on value of type bool in C:\Users\Stefan\Local Sites\skola-stranih-jezika\app\public\wp-content\plugins\elementor\includes\managers\image.php on line 113
[16-May-2024 20:25:57 UTC] PHP Warning:  Trying to access array offset on value of type bool in C:\Users\Stefan\Local Sites\skola-stranih-jezika\app\public\wp-content\plugins\elementor\includes\managers\image.php on line 113
[16-May-2024 20:25:57 UTC] PHP Warning:  Trying to access array offset on value of type bool in C:\Users\Stefan\Local Sites\skola-stranih-jezika\app\public\wp-content\plugins\elementor\includes\managers\image.php on line 113
[16-May-2024 20:25:57 UTC] PHP Warning:  Trying to access array offset on value of type bool in C:\Users\Stefan\Local Sites\skola-stranih-jezika\app\public\wp-content\plugins\elementor\includes\managers\image.php on line 113
[16-May-2024 20:25:57 UTC] PHP Warning:  Trying to access array offset on value of type bool in C:\Users\Stefan\Local Sites\skola-stranih-jezika\app\public\wp-content\plugins\elementor\includes\managers\image.php on line 113
[16-May-2024 20:25:57 UTC] PHP Warning:  Trying to access array offset on value of type bool in C:\Users\Stefan\Local Sites\skola-stranih-jezika\app\public\wp-content\plugins\elementor\includes\managers\image.php on line 113
[16-May-2024 20:25:57 UTC] PHP Warning:  Trying to access array offset on value of type bool in C:\Users\Stefan\Local Sites\skola-stranih-jezika\app\public\wp-content\plugins\elementor\includes\managers\image.php on line 113
[16-May-2024 20:25:57 UTC] PHP Warning:  Trying to access array offset on value of type bool in C:\Users\Stefan\Local Sites\skola-stranih-jezika\app\public\wp-content\plugins\elementor\includes\managers\image.php on line 113
[16-May-2024 20:25:57 UTC] PHP Warning:  Trying to access array offset on value of type bool in C:\Users\Stefan\Local Sites\skola-stranih-jezika\app\public\wp-content\plugins\elementor\includes\managers\image.php on line 113
[16-May-2024 20:25:57 UTC] PHP Warning:  Trying to access array offset on value of type bool in C:\Users\Stefan\Local Sites\skola-stranih-jezika\app\public\wp-content\plugins\elementor\includes\managers\image.php on line 113
[16-May-2024 20:25:57 UTC] PHP Warning:  Trying to access array offset on value of type bool in C:\Users\Stefan\Local Sites\skola-stranih-jezika\app\public\wp-content\plugins\elementor\includes\managers\image.php on line 113
[16-May-2024 20:25:57 UTC] PHP Warning:  Trying to access array offset on value of type bool in C:\Users\Stefan\Local Sites\skola-stranih-jezika\app\public\wp-content\plugins\elementor\includes\managers\image.php on line 113
[16-May-2024 20:25:57 UTC] PHP Warning:  Trying to access array offset on value of type bool in C:\Users\Stefan\Local Sites\skola-stranih-jezika\app\public\wp-content\plugins\elementor\includes\managers\image.php on line 113
[16-May-2024 20:26:16 UTC] PHP Warning:  Trying to access array offset on value of type bool in C:\Users\Stefan\Local Sites\skola-stranih-jezika\app\public\wp-content\plugins\elementor\includes\managers\image.php on line 113
[16-May-2024 20:26:16 UTC] PHP Warning:  Trying to access array offset on value of type bool in C:\Users\Stefan\Local Sites\skola-stranih-jezika\app\public\wp-content\plugins\elementor\includes\managers\image.php on line 113
[16-May-2024 20:26:16 UTC] PHP Warning:  Trying to access array offset on value of type bool in C:\Users\Stefan\Local Sites\skola-stranih-jezika\app\public\wp-content\plugins\elementor\includes\managers\image.php on line 113
[16-May-2024 20:26:16 UTC] PHP Warning:  Trying to access array offset on value of type bool in C:\Users\Stefan\Local Sites\skola-stranih-jezika\app\public\wp-content\plugins\elementor\includes\managers\image.php on line 113
[16-May-2024 20:26:16 UTC] PHP Warning:  Trying to access array offset on value of type bool in C:\Users\Stefan\Local Sites\skola-stranih-jezika\app\public\wp-content\plugins\elementor\includes\managers\image.php on line 113
[16-May-2024 20:26:16 UTC] PHP Warning:  Trying to access array offset on value of type bool in C:\Users\Stefan\Local Sites\skola-stranih-jezika\app\public\wp-content\plugins\elementor\includes\managers\image.php on line 113
[16-May-2024 20:26:16 UTC] PHP Warning:  Trying to access array offset on value of type bool in C:\Users\Stefan\Local Sites\skola-stranih-jezika\app\public\wp-content\plugins\elementor\includes\managers\image.php on line 113
[16-May-2024 20:26:16 UTC] PHP Warning:  Trying to access array offset on value of type bool in C:\Users\Stefan\Local Sites\skola-stranih-jezika\app\public\wp-content\plugins\elementor\includes\managers\image.php on line 113
[16-May-2024 22:01:47 UTC] Cron reschedule event error for hook: fluentform_do_scheduled_tasks, Error code: could_not_set, Error message: The cron event list could not be saved., Data: {"schedule":"ff_every_five_minutes","args":[],"interval":300}
[16-May-2024 22:01:47 UTC] Cron unschedule event error for hook: fluentform_do_scheduled_tasks, Error code: could_not_set, Error message: The cron event list could not be saved., Data: {"schedule":"ff_every_five_minutes","args":[],"interval":300}
[23-May-2024 21:43:56 UTC] PHP Fatal error:  Maximum execution time of 60 seconds exceeded in C:\Users\Stefan\Local Sites\skola-stranih-jezika\app\public\wp-includes\Requests\src\Transport\Curl.php on line 205
[23-May-2024 21:46:31 UTC] PHP Fatal error:  Maximum execution time of 60 seconds exceeded in C:\Users\Stefan\Local Sites\skola-stranih-jezika\app\public\wp-includes\Requests\src\Transport\Curl.php on line 205
[23-May-2024 21:53:42 UTC] PHP Fatal error:  Maximum execution time of 60 seconds exceeded in C:\Users\Stefan\Local Sites\skola-stranih-jezika\app\public\wp-includes\Requests\src\Transport\Curl.php on line 205
[23-May-2024 21:55:15 UTC] PHP Fatal error:  Maximum execution time of 60 seconds exceeded in C:\Users\Stefan\Local Sites\skola-stranih-jezika\app\public\wp-includes\Requests\src\Transport\Curl.php on line 205
[24-May-2024 19:25:01 UTC] Cron reschedule event error for hook: action_scheduler_run_queue, Error code: could_not_set, Error message: The cron event list could not be saved., Data: {"schedule":"every_minute","args":["WP Cron"],"interval":60}
[24-May-2024 20:24:25 UTC] PHP Fatal error:  Maximum execution time of 60 seconds exceeded in C:\Users\Stefan\Local Sites\skola-stranih-jezika\app\public\wp-includes\Requests\src\Transport\Curl.php on line 510
[24-May-2024 20:27:16 UTC] PHP Fatal error:  Maximum execution time of 60 seconds exceeded in C:\Users\Stefan\Local Sites\skola-stranih-jezika\app\public\wp-includes\Requests\src\Transport\Curl.php on line 205
[24-May-2024 20:30:36 UTC] PHP Fatal error:  Maximum execution time of 60 seconds exceeded in C:\Users\Stefan\Local Sites\skola-stranih-jezika\app\public\wp-includes\Requests\src\Transport\Curl.php on line 205
[24-May-2024 20:36:10 UTC] PHP Fatal error:  Maximum execution time of 60 seconds exceeded in C:\Users\Stefan\Local Sites\skola-stranih-jezika\app\public\wp-includes\Requests\src\Transport\Curl.php on line 205
[24-May-2024 20:43:28 UTC] PHP Fatal error:  Maximum execution time of 60 seconds exceeded in C:\Users\Stefan\Local Sites\skola-stranih-jezika\app\public\wp-includes\Requests\src\Transport\Curl.php on line 205
[24-May-2024 20:44:57 UTC] PHP Fatal error:  Maximum execution time of 60 seconds exceeded in C:\Users\Stefan\Local Sites\skola-stranih-jezika\app\public\wp-includes\Requests\src\Transport\Curl.php on line 510
[24-May-2024 20:49:03 UTC] PHP Fatal error:  Maximum execution time of 60 seconds exceeded in C:\Users\Stefan\Local Sites\skola-stranih-jezika\app\public\wp-includes\Requests\src\Transport\Curl.php on line 205
[25-May-2024 02:53:40 UTC] PHP Fatal error:  Maximum execution time of 60 seconds exceeded in C:\Users\Stefan\Local Sites\skola-stranih-jezika\app\public\wp-includes\Requests\src\Transport\Curl.php on line 205
[25-May-2024 10:54:36 UTC] PHP Fatal error:  Maximum execution time of 60 seconds exceeded in C:\Users\Stefan\Local Sites\skola-stranih-jezika\app\public\wp-includes\Requests\src\Transport\Curl.php on line 205
[25-May-2024 10:57:50 UTC] PHP Fatal error:  Maximum execution time of 60 seconds exceeded in C:\Users\Stefan\Local Sites\skola-stranih-jezika\app\public\wp-includes\Requests\src\Transport\Curl.php on line 205
[25-May-2024 11:02:34 UTC] PHP Fatal error:  Maximum execution time of 60 seconds exceeded in C:\Users\Stefan\Local Sites\skola-stranih-jezika\app\public\wp-includes\Requests\src\Transport\Curl.php on line 205
[25-May-2024 12:04:38 UTC] PHP Fatal error:  Maximum execution time of 60 seconds exceeded in C:\Users\Stefan\Local Sites\skola-stranih-jezika\app\public\wp-includes\Requests\src\Transport\Curl.php on line 205
[25-May-2024 12:06:35 UTC] PHP Fatal error:  Maximum execution time of 60 seconds exceeded in C:\Users\Stefan\Local Sites\skola-stranih-jezika\app\public\wp-includes\Requests\src\Transport\Curl.php on line 205
[25-May-2024 12:08:33 UTC] PHP Fatal error:  Maximum execution time of 60 seconds exceeded in C:\Users\Stefan\Local Sites\skola-stranih-jezika\app\public\wp-includes\Requests\src\Transport\Curl.php on line 205
[25-May-2024 12:12:04 UTC] PHP Fatal error:  Maximum execution time of 60 seconds exceeded in C:\Users\Stefan\Local Sites\skola-stranih-jezika\app\public\wp-includes\Requests\src\Transport\Curl.php on line 205
[25-May-2024 20:27:09 UTC] PHP Fatal error:  Maximum execution time of 60 seconds exceeded in C:\Users\Stefan\Local Sites\skola-stranih-jezika\app\public\wp-includes\Requests\src\Transport\Curl.php on line 205
[25-May-2024 22:19:00 UTC] Cron reschedule event error for hook: fluentform_do_scheduled_tasks, Error code: could_not_set, Error message: The cron event list could not be saved., Data: {"schedule":"ff_every_five_minutes","args":[],"interval":300}
